<?xml version="1.0" encoding="UTF-8"?>
<!-- Generated by org.testng.reporters.JUnitReportReporter -->
<testsuite skipped="0" hostname="Home" name="page.classes.TestNG_Test01" tests="1" failures="0" timestamp="18 мар 2017 18:38:56 GMT" time="17.694" errors="0">
  <testcase name="f" time="17.694" classname="page.classes.TestNG_Test01"/>
</testsuite> <!-- page.classes.TestNG_Test01 -->
