<?xml version="1.0" encoding="UTF-8"?>
<!-- Generated by org.testng.reporters.JUnitReportReporter -->
<testsuite skipped="0" hostname="Home" name="page.classes.TestNG_DependentTests" tests="2" failures="0" timestamp="19 мар 2017 16:44:33 GMT" time="12.088" errors="0">
  <testcase name="selectMorningFlights" time="0.294" classname="page.classes.TestNG_DependentTests"/>
  <testcase name="searchFlights" time="11.794" classname="page.classes.TestNG_DependentTests"/>
</testsuite> <!-- page.classes.TestNG_DependentTests -->
