<?xml version="1.0" encoding="UTF-8"?>
<!-- Generated by org.testng.reporters.JUnitReportReporter -->
<testsuite skipped="1" hostname="Home" name="page.classes.TestNG_Prio" tests="4" failures="0" timestamp="19 мар 2017 16:53:44 GMT" time="0.016" errors="0">
  <testcase name="BMW3Series" time="0.013" classname="page.classes.TestNG_Prio"/>
  <testcase name="AudiA6" time="0.002" classname="page.classes.TestNG_Prio"/>
  <testcase name="HondaAccord" time="0.001" classname="page.classes.TestNG_Prio"/>
  <testcase name="BMWX3" classname="page.classes.TestNG_Prio">
    <skipped/>
  </testcase> <!-- BMWX3 -->
</testsuite> <!-- page.classes.TestNG_Prio -->
